<?xml version="1.0" encoding="UTF-8"?>
<hazelcast xmlns="http://www.hazelcast.com/schema/config"
           xmlns:xsi="http://www.w3.org/2001/XMLSchema-instance"
           xsi:schemaLocation="http://www.hazelcast.com/schema/config
           http://www.hazelcast.com/schema/config/hazelcast-config-4.0.xsd">

    <cluster>
        <name>F4D03AC8-B5F7-4542-9BAD-0A94BA48E95D</name>
        <password>6E282022-3BAD-4F5F-8122-CCBE85BD057E</password>
    </cluster>
    <network>
        <join>
            <multicast enabled="false"/>
            <tcp-ip enabled="true">
                <member>127.0.0.1</member>
            </tcp-ip>
        </join>
    </network>

    <cache name="invalid-cache">
        <in-memory-format>NATIVE</in-memory-format>
        <eviction size="99" max-size-policy="ENTRY_COUNT" eviction-policy="LFU"/>
    </cache>

</hazelcast>
