<?xml version="1.0" encoding="UTF-8"?>
<hazelcast xmlns="http://www.hazelcast.com/schema/config"
           xmlns:xsi="http://www.w3.org/2001/XMLSchema-instance"
           xsi:schemaLocation="http://www.hazelcast.com/schema/config
           http://www.hazelcast.com/schema/config/hazelcast-config-4.0.xsd">

    <cluster-name>test-group1</cluster-name>

    <network>
        <join>
            <multicast enabled="false"/>
            <tcp-ip enabled="true">
                <member>127.0.0.1</member>
            </tcp-ip>
        </join>
    </network>

    <cache name="xmlCache*">
    </cache>

</hazelcast>
